<?xml version="1.0" encoding="UTF-8"?>
<beans xmlns="http://www.springframework.org/schema/beans"
       xmlns:xsi="http://www.w3.org/2001/XMLSchema-instance" xmlns:dubbo="http://code.alibabatech.com/schema/dubbo"
       xmlns:context="http://www.springframework.org/schema/context"
       xsi:schemaLocation="http://www.springframework.org/schema/beans
        http://www.springframework.org/schema/beans/spring-beans.xsd
        http://code.alibabatech.com/schema/dubbo
        http://code.alibabatech.com/schema/dubbo/dubbo.xsd http://www.springframework.org/schema/context http://www.springframework.org/schema/context/spring-context.xsd">

    <!-- 消费方应用名，用于计算依赖关系，不是匹配条件，不要与提供方一样 -->
    <dubbo:application name="monk_local"/>
    <!--&lt;!&ndash; 使用zookeeper注册中心暴露服务地址 &ndash;&gt;-->
    <!-- <dubbo:registry address="multicast://224.5.6.7:1234" /> -->
    <dubbo:registry protocol="zookeeper" address="115.29.220.170:2182"/>

    <!--<dubbo:reference interface="com.tqmall.athena.client.car.CarCategoryService" id="carCategoryService" version="1.0.0.daily"/>-->
    <dubbo:reference interface="com.tqmall.ucenter.service.shop.RpcShopInfoService" id="rpcShopInfoService" version="1.0.0.daily"/>
    <dubbo:reference interface="com.tqmall.part.dubbo.base.WarehouseRemoteService" id="warehouseRemoteService" version="1.0.0.daily" check="false"/>





</beans>